CHARMM General Force Field (CGenFF) program version 4.0
released June 2024
Copyright (C) 2020 SilcBio LLC
and University of Maryland, School of Pharmacy. All Rights Reserved.

Licensed to:
cgenff server
serverncgenff

License expires: Tue Dec 31 00:00:00 2030

readpar debug: read 683 bonds, 2501 angles, 7460 dihedrals, 203 impropers
               and 375437 characters worth of comments.
readmol2 warning: renaming non-unique atom CA to CA1 .
readmol2 warning: renaming non-unique atom CA to CA2 .
readmol2 warning: renaming non-unique atom HA1 to HA3 .
readmol2 warning: renaming non-unique atom HA2 to HA4 .
readmol2 warning: renaming non-unique atom C to C1 .
readmol2 warning: renaming non-unique atom C to C2 .
readmol2 warning: renaming non-unique atom C to C3 .
readmol2 warning: renaming non-unique atom C to C4 .
readmol2 warning: renaming non-unique atom C to C5 .
readmol2 warning: renaming non-unique atom C to C6 .
readmol2 warning: renaming non-unique atom C to C7 .
readmol2 warning: renaming non-unique atom C to C8 .
readmol2 warning: renaming non-unique atom C to C9 .
readmol2 warning: renaming non-unique atom C to C10 .
readmol2 warning: renaming non-unique atom C to C11 .
readmol2 warning: renaming non-unique atom H to H1 .
readmol2 warning: renaming non-unique atom H to H2 .
readmol2 warning: renaming non-unique atom H to H3 .
readmol2 warning: renaming non-unique atom H to H4 .
readmol2 warning: renaming non-unique atom H to H5 .
readmol2 warning: renaming non-unique atom H to H6 .
readmol2 warning: renaming non-unique atom H to H7 .
readmol2 warning: renaming non-unique atom H to H8 .
readmol2 warning: renaming non-unique atom H to H9 .
readmol2 warning: renaming non-unique atom N to N1 .
readmol2 warning: renaming non-unique atom N to N2 .
readmol2 warning: renaming non-unique atom N to N3 .
readmol2 warning: renaming non-unique atom O to O1 .
readmol2 warning: renaming non-unique atom O to O2 .
readmol2 warning: renaming non-unique atom O to O3 .
readmol2 warning: renaming non-unique atom O to O4 .
readmol2 warning: renaming non-unique atom O to O5 .
Now processing molecule ***** ...
ringper debug: stored 6-membered ring in stage 1.
resonance debug: found perfect resonance chain with
charge 0 ( 0 positive and 0 negative centers) and 0 potential aromatic rings
resonance debug: found perfect resonance chain with
charge 0 ( 0 positive and 0 negative centers) and 0 potential aromatic rings
resonance debug: found perfect resonance chain with
charge 0 ( 0 positive and 0 negative centers) and 0 potential aromatic rings
paranalogy debug: finding analogy for dihedral HGPAM2 NG321 CG321 CG2O1
paranalogy debug: finding analogy for dihedral NG321 CG321 CG2O1 OG2D1
paranalogy debug: "smart algorithm" found no matching parameters;
switching to "exhaustive algorithm"
paranalogy debug: finding analogy for dihedral NG321 CG321 CG2O1 NG2S1
paranalogy debug: "smart algorithm" found no matching parameters;
switching to "exhaustive algorithm"
paranalogy debug: finding analogy for dihedral OG312 CG2R61 CG2R61 OG312
paranalogy debug: "smart algorithm" found no matching parameters;
switching to "exhaustive algorithm"
paranalogy debug: finding analogy for CG2O1 CG321 NG321
paranalogy debug: finding analogy for dihedral HGPAM2 NG321 CG321 CG2O1
paranalogy debug: finding analogy for dihedral HGPAM2 NG321 CG321 CG2O1
paranalogy debug: finding analogy for dihedral NG321 CG321 CG2O1 OG2D1
paranalogy debug: "smart algorithm" found no matching parameters;
switching to "exhaustive algorithm"
paranalogy debug: finding analogy for dihedral NG321 CG321 CG2O1 NG2S1
paranalogy debug: "smart algorithm" found no matching parameters;
switching to "exhaustive algorithm"
paranalogy debug: finding analogy for dihedral CG2O1 NG2S1 CG321 CG2O2
paranalogy debug: finding analogy for dihedral HGP1 NG2S1 CG321 CG2O2
paranalogy debug: finding analogy for dihedral NG2S1 CG321 CG2O2 OG2D1
paranalogy debug: finding analogy for dihedral NG2S1 CG321 CG2O2 OG311
paranalogy debug: finding analogy for dihedral OG312 CG2R61 CG2R61 OG312
paranalogy debug: "smart algorithm" found no matching parameters;
switching to "exhaustive algorithm"
paranalogy debug: finding analogy for CG2O1 CG321 NG321
paranalogy debug: finding analogy for CG2O2 CG321 NG2S1
